{"D:\\Projects\\Vue-Js\\dishrecipes\\src\\service\\dishService.js": {"path":"D:\\Projects\\Vue-Js\\dishrecipes\\src\\service\\dishService.js","statementMap":{"0":{"start":{"line":4,"column":21},"end":{"line":4,"column":73}},"1":{"start":{"line":5,"column":15},"end":{"line":5,"column":67}},"2":{"start":{"line":7,"column":21},"end":{"line":7,"column":44}},"3":{"start":{"line":8,"column":4},"end":{"line":8,"column":20}},"4":{"start":{"line":12,"column":20},"end":{"line":16,"column":5}},"5":{"start":{"line":17,"column":3},"end":{"line":17,"column":19}}},"fnMap":{"0":{"name":"getAllDish","decl":{"start":{"line":6,"column":22},"end":{"line":6,"column":32}},"loc":{"start":{"line":6,"column":35},"end":{"line":9,"column":1}},"line":6},"1":{"name":"getParticularDish","decl":{"start":{"line":11,"column":22},"end":{"line":11,"column":39}},"loc":{"start":{"line":11,"column":49},"end":{"line":19,"column":1}},"line":11}},"branchMap":{},"s":{"0":1,"1":1,"2":2,"3":2,"4":1,"5":1},"f":{"0":2,"1":1},"b":{},"_coverageSchema":"43e27e138ebf9cfc5966b082cf9a028302ed4184","hash":"53ba5c1ad234984617f1d2f101e12ce88bd6f6f4"}
}
